<?xml version="1.0" encoding="UTF-8"?>
<!-- Generated by org.testng.reporters.JUnitReportReporter -->
<testsuite hostname="LAPTOP-RC08MIDC" failures="0" tests="1" name="MAVN.MAVENPROJECT.Mavenfirstprog" time="0.009" errors="0" timestamp="2021-10-06T16:01:30 IST" skipped="0">
  <testcase classname="MAVN.MAVENPROJECT.Mavenfirstprog" name="verify" time="0.009"/>
  <system-out/>
</testsuite> <!-- MAVN.MAVENPROJECT.Mavenfirstprog -->
